   1               		.file	"display.c"
   2               	__SREG__ = 0x3f
   3               	__SP_H__ = 0x3e
   4               	__SP_L__ = 0x3d
   5               	__CCP__  = 0x34
   6               	__tmp_reg__ = 0
   7               	__zero_reg__ = 1
  15               	.Ltext0:
  16               	.global	Display_Init
  18               	Display_Init:
  19               	.LFB6:
  20               	.LM1:
  21               	/* prologue: function */
  22               	/* frame size = 0 */
  23               	.LM2:
  24 0000 1092 0000 		sts Display,__zero_reg__
  25               	.LM3:
  26 0004 81E0      		ldi r24,lo8(1)
  27 0006 8093 0000 		sts Display+1,r24
  28               	.LM4:
  29 000a 1092 0000 		sts Display+2,__zero_reg__
  30               	.LM5:
  31 000e 1092 0000 		sts Display+3,__zero_reg__
  32               	/* epilogue start */
  33               	.LM6:
  34 0012 0895      		ret
  35               	.LFE6:
  37               	.global	Display_Send_Row
  39               	Display_Send_Row:
  40               	.LFB7:
  41               	.LM7:
  42               	.LVL0:
  43 0014 0F93      		push r16
  44 0016 1F93      		push r17
  45 0018 CF93      		push r28
  46 001a DF93      		push r29
  47               	/* prologue: function */
  48               	/* frame size = 0 */
  49               	.LM8:
  50 001c C7E0      		ldi r28,lo8(7)
  51 001e D0E0      		ldi r29,hi8(7)
  52               	.LVL1:
  53               	.LBB2:
  54               	.LM9:
  55 0020 082F      		mov r16,r24
  56 0022 10E0      		ldi r17,lo8(0)
  57               	.LVL2:
  58               	.L6:
  59 0024 C801      		movw r24,r16
  60 0026 0C2E      		mov r0,r28
  61 0028 00C0      		rjmp 2f
  62 002a 9595      	1:	asr r25
  63 002c 8795      		ror r24
  64 002e 0A94      	2:	dec r0
  65 0030 02F4      		brpl 1b
  66 0032 80FF      		sbrs r24,0
  67 0034 00C0      		rjmp .L4
  68               	.LM10:
  69 0036 8091 0000 		lds r24,Display
  70 003a 6091 0000 		lds r22,Display+1
  71 003e 4091 0000 		lds r20,Display+2
  72 0042 00C0      		rjmp .L9
  73               	.L4:
  74               	.LM11:
  75 0044 80E0      		ldi r24,lo8(0)
  76 0046 60E0      		ldi r22,lo8(0)
  77 0048 40E0      		ldi r20,lo8(0)
  78               	.L9:
  79 004a 0E94 0000 		call WS2812B_Send_Pixel
  80               	.LM12:
  81 004e 2197      		sbiw r28,1
  82 0050 8FEF      		ldi r24,hi8(-1)
  83 0052 CF3F      		cpi r28,lo8(-1)
  84 0054 D807      		cpc r29,r24
  85 0056 01F4      		brne .L6
  86               	/* epilogue start */
  87               	.LBE2:
  88               	.LM13:
  89 0058 DF91      		pop r29
  90 005a CF91      		pop r28
  91               	.LVL3:
  92 005c 1F91      		pop r17
  93               	.LVL4:
  94 005e 0F91      		pop r16
  95               	.LVL5:
  96 0060 0895      		ret
  97               	.LFE7:
  99               		.comm Display,4,1
 132               	.Letext0:
DEFINED SYMBOLS
                            *ABS*:00000000 display.c
C:\Users\farid\AppData\Local\Temp/ccNGa5os.s:2      *ABS*:0000003f __SREG__
C:\Users\farid\AppData\Local\Temp/ccNGa5os.s:3      *ABS*:0000003e __SP_H__
C:\Users\farid\AppData\Local\Temp/ccNGa5os.s:4      *ABS*:0000003d __SP_L__
C:\Users\farid\AppData\Local\Temp/ccNGa5os.s:5      *ABS*:00000034 __CCP__
C:\Users\farid\AppData\Local\Temp/ccNGa5os.s:6      *ABS*:00000000 __tmp_reg__
C:\Users\farid\AppData\Local\Temp/ccNGa5os.s:7      *ABS*:00000001 __zero_reg__
C:\Users\farid\AppData\Local\Temp/ccNGa5os.s:18     .text:00000000 Display_Init
                            *COM*:00000004 Display
C:\Users\farid\AppData\Local\Temp/ccNGa5os.s:39     .text:00000014 Display_Send_Row

UNDEFINED SYMBOLS
WS2812B_Send_Pixel
__do_clear_bss
